#
# There is insufficient memory for the Java Runtime Environment to continue.
# Native memory allocation (mmap) failed to map 65536 bytes for Failed to commit metaspace.
# Possible reasons:
#   The system is out of physical RAM or swap space
#   The process is running with CompressedOops enabled, and the Java Heap may be blocking the growth of the native heap
# Possible solutions:
#   Reduce memory load on the system
#   Increase physical memory or swap space
#   Check if swap backing store is full
#   Decrease Java heap size (-Xmx/-Xms)
#   Decrease number of Java threads
#   Decrease Java thread stack sizes (-Xss)
#   Set larger code cache with -XX:ReservedCodeCacheSize=
#   JVM is running with Zero Based Compressed Oops mode in which the Java heap is
#     placed in the first 32GB address space. The Java Heap base address is the
#     maximum limit for the native heap growth. Please use -XX:HeapBaseMinAddress
#     to set the Java Heap base and to place the Java Heap above 32GB virtual address.
# This output file may be truncated or incomplete.
#
#  Out of Memory Error (virtualSpaceNode.cpp:110), pid=5544, tid=7176
#
# JRE version: Java(TM) SE Runtime Environment (17.0.10+11) (build 17.0.10+11-LTS-240)
# Java VM: Java HotSpot(TM) 64-Bit Server VM (17.0.10+11-LTS-240, mixed mode, sharing, tiered, compressed oops, compressed class ptrs, g1 gc, windows-amd64)
# No core dump will be written. Minidumps are not enabled by default on client versions of Windows
#

---------------  S U M M A R Y ------------

Command Line: -ea -Didea.test.cyclic.buffer.size=1048576 -javaagent:C:\Program Files\JetBrains\IntelliJ IDEA Community Edition 2024.3\lib\idea_rt.jar=60073:C:\Program Files\JetBrains\IntelliJ IDEA Community Edition 2024.3\bin -javaagent:C:\Users\jooyeon\AppData\Local\JetBrains\IdeaIC2024.3\captureAgent\debugger-agent.jar -Dkotlinx.coroutines.debug.enable.creation.stack.trace=false -Ddebugger.agent.enable.coroutines=true -Dkotlinx.coroutines.debug.enable.flows.stack.trace=true -Dkotlinx.coroutines.debug.enable.mutable.state.flows.stack.trace=true -Dfile.encoding=UTF-8 com.intellij.rt.junit.JUnitStarter -ideVersion5 -junit5 com.acorn.hiJPA2.MemberRepositoryTest,test

Host: 11th Gen Intel(R) Core(TM) i7-1165G7 @ 2.80GHz, 8 cores, 15G,  Windows 10 , 64 bit Build 19041 (10.0.19041.5198)
Time: Sat Dec 14 10:22:40 2024  Windows 10 , 64 bit Build 19041 (10.0.19041.5198) elapsed time: 1.023963 seconds (0d 0h 0m 1s)

---------------  T H R E A D  ---------------

Current thread (0x0000021516179750):  JavaThread "main" [_thread_in_vm, id=7176, stack(0x000000c36ec00000,0x000000c36ed00000)]

Stack: [0x000000c36ec00000,0x000000c36ed00000]
Native frames: (J=compiled Java code, j=interpreted, Vv=VM code, C=native code)
V  [jvm.dll+0x677a5a]
V  [jvm.dll+0x7d8b2d]
V  [jvm.dll+0x7da48e]
V  [jvm.dll+0x7daaf3]
V  [jvm.dll+0x2455ff]
V  [jvm.dll+0x7d483b]
V  [jvm.dll+0x61dc06]
V  [jvm.dll+0x1bfa87]
V  [jvm.dll+0x620570]
V  [jvm.dll+0x61e5c6]
V  [jvm.dll+0x62f379]
V  [jvm.dll+0x628694]
V  [jvm.dll+0x37de61]
C  0x0000021524f4c727

Java frames: (J=compiled Java code, j=interpreted, Vv=VM code)
j  org.springframework.beans.factory.support.AbstractBeanDefinition.hasConstructorArgumentValues()Z+0
j  org.springframework.beans.factory.support.AbstractBeanDefinition.hashCode()I+22
J 1402 c1 java.util.HashMap.put(Ljava/lang/Object;Ljava/lang/Object;)Ljava/lang/Object; java.base@17.0.10 (13 bytes) @ 0x000002151dcb2ef4 [0x000002151dcb2d40+0x00000000000001b4]
J 1526 c1 java.util.HashSet.add(Ljava/lang/Object;)Z java.base@17.0.10 (20 bytes) @ 0x000002151dcee354 [0x000002151dcee240+0x0000000000000114]
j  org.springframework.context.annotation.ClassPathScanningCandidateComponentProvider.scanCandidateComponents(Ljava/lang/String;)Ljava/util/Set;+205
j  org.springframework.context.annotation.ClassPathScanningCandidateComponentProvider.findCandidateComponents(Ljava/lang/String;)Ljava/util/Set;+26
j  org.springframework.boot.test.context.AnnotatedClassFinder.scanPackage(Ljava/lang/String;)Ljava/lang/Class;+12
j  org.springframework.boot.test.context.AnnotatedClassFinder.findFromPackage(Ljava/lang/String;)Ljava/lang/Class;+25
j  org.springframework.boot.test.context.AnnotatedClassFinder.findFromClass(Ljava/lang/Class;)Ljava/lang/Class;+11
j  org.springframework.boot.test.context.SpringBootTestContextBootstrapper.findConfigurationClass(Ljava/lang/Class;)Ljava/lang/Class;+61
j  org.springframework.boot.test.context.SpringBootTestContextBootstrapper.getOrFindConfigurationClasses(Lorg/springframework/test/context/MergedContextConfiguration;)[Ljava/lang/Class;+27
j  org.springframework.boot.test.context.SpringBootTestContextBootstrapper.processMergedContextConfiguration(Lorg/springframework/test/context/MergedContextConfiguration;)Lorg/springframework/test/context/MergedContextConfiguration;+2
j  org.springframework.test.context.support.AbstractTestContextBootstrapper.buildMergedContextConfiguration(Ljava/lang/Class;Ljava/util/List;Lorg/springframework/test/context/MergedContextConfiguration;Lorg/springframework/test/context/CacheAwareContextLoaderDelegate;Z)Lorg/springframework/test/context/MergedContextConfiguration;+349
j  org.springframework.test.context.support.AbstractTestContextBootstrapper.buildDefaultMergedContextConfiguration(Ljava/lang/Class;Lorg/springframework/test/context/CacheAwareContextLoaderDelegate;)Lorg/springframework/test/context/MergedContextConfiguration;+127
j  org.springframework.test.context.support.AbstractTestContextBootstrapper.buildMergedContextConfiguration()Lorg/springframework/test/context/MergedContextConfiguration;+39
j  org.springframework.test.context.support.AbstractTestContextBootstrapper.buildTestContext()Lorg/springframework/test/context/TestContext;+14
j  org.springframework.boot.test.context.SpringBootTestContextBootstrapper.buildTestContext()Lorg/springframework/test/context/TestContext;+1
j  org.springframework.test.context.TestContextManager.<init>(Lorg/springframework/test/context/TestContextBootstrapper;)V+19
j  org.springframework.test.context.TestContextManager.<init>(Ljava/lang/Class;)V+5
j  org.springframework.test.context.junit.jupiter.SpringExtension$$Lambda$350+0x000002153a0ca8c8.apply(Ljava/lang/Object;)Ljava/lang/Object;+8
j  org.junit.platform.engine.support.store.NamespacedHierarchicalStore.lambda$getOrComputeIfAbsent$5(Ljava/util/function/Function;Ljava/lang/Object;)Ljava/lang/Object;+6
j  org.junit.platform.engine.support.store.NamespacedHierarchicalStore$$Lambda$346+0x000002153a0cf6a8.get()Ljava/lang/Object;+12
j  org.junit.platform.engine.support.store.NamespacedHierarchicalStore$MemoizingSupplier.computeValue()V+15
j  org.junit.platform.engine.support.store.NamespacedHierarchicalStore$MemoizingSupplier.get()Ljava/lang/Object;+11
j  org.junit.platform.engine.support.store.NamespacedHierarchicalStore$StoredValue.evaluate()Ljava/lang/Object;+4
j  org.junit.platform.engine.support.store.NamespacedHierarchicalStore$StoredValue.access$200(Lorg/junit/platform/engine/support/store/NamespacedHierarchicalStore$StoredValue;)Ljava/lang/Object;+1
j  org.junit.platform.engine.support.store.NamespacedHierarchicalStore.getOrComputeIfAbsent(Ljava/lang/Object;Ljava/lang/Object;Ljava/util/function/Function;)Ljava/lang/Object;+58
j  org.junit.platform.engine.support.store.NamespacedHierarchicalStore.getOrComputeIfAbsent(Ljava/lang/Object;Ljava/lang/Object;Ljava/util/function/Function;Ljava/lang/Class;)Ljava/lang/Object;+4
j  org.junit.jupiter.engine.execution.NamespaceAwareStore.lambda$getOrComputeIfAbsent$3(Ljava/lang/Object;Ljava/util/function/Function;Ljava/lang/Class;)Ljava/lang/Object;+11
j  org.junit.jupiter.engine.execution.NamespaceAwareStore$$Lambda$344+0x000002153a0cf020.get()Ljava/lang/Object;+16
j  org.junit.jupiter.engine.execution.NamespaceAwareStore.accessStore(Ljava/util/function/Supplier;)Ljava/lang/Object;+1
j  org.junit.jupiter.engine.execution.NamespaceAwareStore.getOrComputeIfAbsent(Ljava/lang/Object;Ljava/util/function/Function;Ljava/lang/Class;)Ljava/lang/Object;+31
j  org.springframework.test.context.junit.jupiter.SpringExtension.getTestContextManager(Lorg/junit/jupiter/api/extension/ExtensionContext;)Lorg/springframework/test/context/TestContextManager;+27
j  org.springframework.test.context.junit.jupiter.SpringExtension.beforeAll(Lorg/junit/jupiter/api/extension/ExtensionContext;)V+1
j  org.junit.jupiter.engine.descriptor.ClassBasedTestDescriptor.lambda$invokeBeforeAllCallbacks$13(Lorg/junit/jupiter/api/extension/BeforeAllCallback;Lorg/junit/jupiter/api/extension/ExtensionContext;)V+2
j  org.junit.jupiter.engine.descriptor.ClassBasedTestDescriptor$$Lambda$334+0x000002153a0ccae0.execute()V+8
j  org.junit.platform.engine.support.hierarchical.ThrowableCollector.execute(Lorg/junit/platform/engine/support/hierarchical/ThrowableCollector$Executable;)V+1
j  org.junit.jupiter.engine.descriptor.ClassBasedTestDescriptor.invokeBeforeAllCallbacks(Lorg/junit/jupiter/engine/execution/JupiterEngineExecutionContext;)V+64
j  org.junit.jupiter.engine.descriptor.ClassBasedTestDescriptor.before(Lorg/junit/jupiter/engine/execution/JupiterEngineExecutionContext;)Lorg/junit/jupiter/engine/execution/JupiterEngineExecutionContext;+47
j  org.junit.jupiter.engine.descriptor.ClassBasedTestDescriptor.before(Lorg/junit/platform/engine/support/hierarchical/EngineExecutionContext;)Lorg/junit/platform/engine/support/hierarchical/EngineExecutionContext;+5
j  org.junit.platform.engine.support.hierarchical.NodeTestTask.lambda$executeRecursively$6()V+51
j  org.junit.platform.engine.support.hierarchical.NodeTestTask$$Lambda$277+0x000002153a0ba6c0.execute()V+4
j  org.junit.platform.engine.support.hierarchical.ThrowableCollector.execute(Lorg/junit/platform/engine/support/hierarchical/ThrowableCollector$Executable;)V+1
j  org.junit.platform.engine.support.hierarchical.NodeTestTask.lambda$executeRecursively$8(Lorg/junit/platform/engine/support/hierarchical/EngineExecutionContext;)V+15
j  org.junit.platform.engine.support.hierarchical.NodeTestTask$$Lambda$276+0x000002153a0ba4a0.invoke(Lorg/junit/platform/engine/support/hierarchical/EngineExecutionContext;)V+5
j  org.junit.platform.engine.support.hierarchical.Node.around(Lorg/junit/platform/engine/support/hierarchical/EngineExecutionContext;Lorg/junit/platform/engine/support/hierarchical/Node$Invocation;)V+2
j  org.junit.platform.engine.support.hierarchical.NodeTestTask.lambda$executeRecursively$9()V+14
j  org.junit.platform.engine.support.hierarchical.NodeTestTask$$Lambda$275+0x000002153a0ba088.execute()V+4
j  org.junit.platform.engine.support.hierarchical.ThrowableCollector.execute(Lorg/junit/platform/engine/support/hierarchical/ThrowableCollector$Executable;)V+1
j  org.junit.platform.engine.support.hierarchical.NodeTestTask.executeRecursively()V+31
j  org.junit.platform.engine.support.hierarchical.NodeTestTask.execute()V+55
j  org.junit.platform.engine.support.hierarchical.SameThreadHierarchicalTestExecutorService$$Lambda$281+0x000002153a0bb1b0.accept(Ljava/lang/Object;)V+4
j  java.util.ArrayList.forEach(Ljava/util/function/Consumer;)V+46 java.base@17.0.10
j  org.junit.platform.engine.support.hierarchical.SameThreadHierarchicalTestExecutorService.invokeAll(Ljava/util/List;)V+6
j  org.junit.platform.engine.support.hierarchical.NodeTestTask.lambda$executeRecursively$6()V+116
j  org.junit.platform.engine.support.hierarchical.NodeTestTask$$Lambda$277+0x000002153a0ba6c0.execute()V+4
j  org.junit.platform.engine.support.hierarchical.ThrowableCollector.execute(Lorg/junit/platform/engine/support/hierarchical/ThrowableCollector$Executable;)V+1
j  org.junit.platform.engine.support.hierarchical.NodeTestTask.lambda$executeRecursively$8(Lorg/junit/platform/engine/support/hierarchical/EngineExecutionContext;)V+15
j  org.junit.platform.engine.support.hierarchical.NodeTestTask$$Lambda$276+0x000002153a0ba4a0.invoke(Lorg/junit/platform/engine/support/hierarchical/EngineExecutionContext;)V+5
j  org.junit.platform.engine.support.hierarchical.Node.around(Lorg/junit/platform/engine/support/hierarchical/EngineExecutionContext;Lorg/junit/platform/engine/support/hierarchical/Node$Invocation;)V+2
j  org.junit.platform.engine.support.hierarchical.NodeTestTask.lambda$executeRecursively$9()V+14
j  org.junit.platform.engine.support.hierarchical.NodeTestTask$$Lambda$275+0x000002153a0ba088.execute()V+4
j  org.junit.platform.engine.support.hierarchical.ThrowableCollector.execute(Lorg/junit/platform/engine/support/hierarchical/ThrowableCollector$Executable;)V+1
j  org.junit.platform.engine.support.hierarchical.NodeTestTask.executeRecursively()V+31
j  org.junit.platform.engine.support.hierarchical.NodeTestTask.execute()V+55
j  org.junit.platform.engine.support.hierarchical.SameThreadHierarchicalTestExecutorService.submit(Lorg/junit/platform/engine/support/hierarchical/HierarchicalTestExecutorService$TestTask;)Ljava/util/concurrent/Future;+1
j  org.junit.platform.engine.support.hierarchical.HierarchicalTestExecutor.execute()Ljava/util/concurrent/Future;+74
j  org.junit.platform.engine.support.hierarchical.HierarchicalTestEngine.execute(Lorg/junit/platform/engine/ExecutionRequest;)V+31
j  org.junit.platform.launcher.core.EngineExecutionOrchestrator.execute(Lorg/junit/platform/engine/TestDescriptor;Lorg/junit/platform/engine/EngineExecutionListener;Lorg/junit/platform/engine/ConfigurationParameters;Lorg/junit/platform/engine/TestEngine;)V+24
j  org.junit.platform.launcher.core.EngineExecutionOrchestrator.execute(Lorg/junit/platform/launcher/core/LauncherDiscoveryResult;Lorg/junit/platform/engine/EngineExecutionListener;)V+115
j  org.junit.platform.launcher.core.EngineExecutionOrchestrator.execute(Lorg/junit/platform/launcher/core/InternalTestPlan;Lorg/junit/platform/engine/EngineExecutionListener;Lorg/junit/platform/launcher/TestExecutionListener;)V+55
j  org.junit.platform.launcher.core.EngineExecutionOrchestrator.lambda$execute$0(Lorg/junit/platform/launcher/core/InternalTestPlan;Lorg/junit/platform/launcher/TestExecutionListener;)V+6
j  org.junit.platform.launcher.core.EngineExecutionOrchestrator$$Lambda$221+0x000002153a0a6d38.accept(Ljava/lang/Object;)V+12
j  org.junit.platform.launcher.core.EngineExecutionOrchestrator.withInterceptedStreams(Lorg/junit/platform/engine/ConfigurationParameters;Lorg/junit/platform/launcher/core/ListenerRegistry;Ljava/util/function/Consumer;)V+51
j  org.junit.platform.launcher.core.EngineExecutionOrchestrator.execute(Lorg/junit/platform/launcher/core/InternalTestPlan;[Lorg/junit/platform/launcher/TestExecutionListener;)V+23
j  org.junit.platform.launcher.core.DefaultLauncher.execute(Lorg/junit/platform/launcher/core/InternalTestPlan;[Lorg/junit/platform/launcher/TestExecutionListener;)V+6
j  org.junit.platform.launcher.core.DefaultLauncher.execute(Lorg/junit/platform/launcher/LauncherDiscoveryRequest;[Lorg/junit/platform/launcher/TestExecutionListener;)V+34
j  org.junit.platform.launcher.core.DelegatingLauncher.execute(Lorg/junit/platform/launcher/LauncherDiscoveryRequest;[Lorg/junit/platform/launcher/TestExecutionListener;)V+6
j  org.junit.platform.launcher.core.SessionPerRequestLauncher.execute(Lorg/junit/platform/launcher/LauncherDiscoveryRequest;[Lorg/junit/platform/launcher/TestExecutionListener;)V+13
j  com.intellij.junit5.JUnit5IdeaTestRunner.startRunnerWithArgs([Ljava/lang/String;Ljava/lang/String;IZ)I+203
j  com.intellij.rt.junit.IdeaTestRunner$Repeater$1.execute(Z)I+17
j  com.intellij.rt.execution.junit.TestsRepeater.repeat(IZLcom/intellij/rt/execution/junit/TestsRepeater$TestRun;)I+7
j  com.intellij.rt.junit.IdeaTestRunner$Repeater.startRunnerWithArgs(Lcom/intellij/rt/junit/IdeaTestRunner;[Ljava/lang/String;Ljava/util/ArrayList;Ljava/lang/String;IZ)I+25
j  com.intellij.rt.junit.JUnitStarter.prepareStreamsAndStart([Ljava/lang/String;Ljava/lang/String;Ljava/util/ArrayList;Ljava/lang/String;)I+117
j  com.intellij.rt.junit.JUnitStarter.main([Ljava/lang/String;)V+97
v  ~StubRoutines::call_stub

---------------  P R O C E S S  ---------------

Threads class SMR info:
_java_thread_list=0x000002157e2c9b80, length=14, elements={
0x0000021516179750, 0x0000021538dfa8f0, 0x0000021538dfd1d0, 0x000002157e00e420,
0x000002157e00ecf0, 0x000002157e0115d0, 0x000002157e011ea0, 0x000002157e012b50,
0x000002157e015140, 0x000002157e049720, 0x000002157e140880, 0x000002157e1426e0,
0x000002157e143100, 0x000002157e3252f0
}

Java Threads: ( => current thread )
=>0x0000021516179750 JavaThread "main" [_thread_in_vm, id=7176, stack(0x000000c36ec00000,0x000000c36ed00000)]
  0x0000021538dfa8f0 JavaThread "Reference Handler" daemon [_thread_blocked, id=15032, stack(0x000000c36f300000,0x000000c36f400000)]
  0x0000021538dfd1d0 JavaThread "Finalizer" daemon [_thread_blocked, id=15472, stack(0x000000c36f400000,0x000000c36f500000)]
  0x000002157e00e420 JavaThread "Signal Dispatcher" daemon [_thread_blocked, id=16868, stack(0x000000c36f500000,0x000000c36f600000)]
  0x000002157e00ecf0 JavaThread "Attach Listener" daemon [_thread_blocked, id=13372, stack(0x000000c36f600000,0x000000c36f700000)]
  0x000002157e0115d0 JavaThread "Service Thread" daemon [_thread_blocked, id=13060, stack(0x000000c36f700000,0x000000c36f800000)]
  0x000002157e011ea0 JavaThread "Monitor Deflation Thread" daemon [_thread_blocked, id=16116, stack(0x000000c36f800000,0x000000c36f900000)]
  0x000002157e012b50 JavaThread "C2 CompilerThread0" daemon [_thread_blocked, id=15496, stack(0x000000c36f900000,0x000000c36fa00000)]
  0x000002157e015140 JavaThread "C1 CompilerThread0" daemon [_thread_blocked, id=3396, stack(0x000000c36fa00000,0x000000c36fb00000)]
  0x000002157e049720 JavaThread "Sweeper thread" daemon [_thread_blocked, id=12876, stack(0x000000c36fb00000,0x000000c36fc00000)]
  0x000002157e140880 JavaThread "Common-Cleaner" daemon [_thread_blocked, id=3796, stack(0x000000c36fc00000,0x000000c36fd00000)]
  0x000002157e1426e0 JavaThread "Monitor Ctrl-Break" daemon [_thread_in_native, id=11752, stack(0x000000c36fd00000,0x000000c36fe00000)]
  0x000002157e143100 JavaThread "Notification Thread" daemon [_thread_blocked, id=2772, stack(0x000000c36fe00000,0x000000c36ff00000)]
  0x000002157e3252f0 JavaThread "C2 CompilerThread1" daemon [_thread_in_native, id=15452, stack(0x000000c370000000,0x000000c370100000)]

Other Threads:
  0x0000021538df5fe0 VMThread "VM Thread" [stack: 0x000000c36f200000,0x000000c36f300000] [id=1280]
  0x000002157e2f4a30 WatcherThread [stack: 0x000000c36ff00000,0x000000c370000000] [id=8960]
  0x00000215161e7640 GCTaskThread "GC Thread#0" [stack: 0x000000c36ed00000,0x000000c36ee00000] [id=2520]
  0x000002157ef8c760 GCTaskThread "GC Thread#1" [stack: 0x000000c370100000,0x000000c370200000] [id=10328]
  0x000002157ee18740 GCTaskThread "GC Thread#2" [stack: 0x000000c370200000,0x000000c370300000] [id=16636]
  0x000002157ef660c0 GCTaskThread "GC Thread#3" [stack: 0x000000c370300000,0x000000c370400000] [id=8760]
  0x000002157ef66790 GCTaskThread "GC Thread#4" [stack: 0x000000c370400000,0x000000c370500000] [id=10772]
  0x000002157ef66a50 GCTaskThread "GC Thread#5" [stack: 0x000000c370500000,0x000000c370600000] [id=1636]
  0x000002157f203320 GCTaskThread "GC Thread#6" [stack: 0x000000c370600000,0x000000c370700000] [id=15196]
  0x000002157f203060 GCTaskThread "GC Thread#7" [stack: 0x000000c370700000,0x000000c370800000] [id=12896]
  0x00000215161f9080 ConcurrentGCThread "G1 Main Marker" [stack: 0x000000c36ee00000,0x000000c36ef00000] [id=13296]
  0x00000215161fa040 ConcurrentGCThread "G1 Conc#0" [stack: 0x000000c36ef00000,0x000000c36f000000] [id=5084]
  0x000002151622e640 ConcurrentGCThread "G1 Refine#0" [stack: 0x000000c36f000000,0x000000c36f100000] [id=6356]
  0x0000021538cb2170 ConcurrentGCThread "G1 Service" [stack: 0x000000c36f100000,0x000000c36f200000] [id=10836]

Threads with active compile tasks:
C2 CompilerThread1     1048 1543       4       jdk.internal.org.objectweb.asm.Frame::execute (2305 bytes)

VM state: not at safepoint (normal execution)

VM Mutex/Monitor currently owned by a thread:  ([mutex/lock_event])
[0x0000021516174cb0] Metaspace_lock - owner thread: 0x0000021516179750

Heap address: 0x0000000703200000, size: 4046 MB, Compressed Oops mode: Zero based, Oop shift amount: 3

CDS archive(s) mapped at: [0x0000021539000000-0x0000021539bd0000-0x0000021539bd0000), size 12386304, SharedBaseAddress: 0x0000021539000000, ArchiveRelocationMode: 1.
Compressed class space mapped at: 0x000002153a000000-0x000002157a000000, reserved size: 1073741824
Narrow klass base: 0x0000021539000000, Narrow klass shift: 0, Narrow klass range: 0x100000000

GC Precious Log:
 CPUs: 8 total, 8 available
 Memory: 16183M
 Large Page Support: Disabled
 NUMA Support: Disabled
 Compressed Oops: Enabled (Zero based)
 Heap Region Size: 2M
 Heap Min Capacity: 8M
 Heap Initial Capacity: 254M
 Heap Max Capacity: 4046M
 Pre-touch: Disabled
 Parallel Workers: 8
 Concurrent Workers: 2
 Concurrent Refinement Workers: 8
 Periodic GC: Disabled

Heap:
 garbage-first heap   total 260096K, used 9280K [0x0000000703200000, 0x0000000800000000)
  region size 2048K, 2 young (4096K), 1 survivors (2048K)
 Metaspace       used 11583K, committed 11712K, reserved 1114112K
  class space    used 1345K, committed 1408K, reserved 1048576K

Heap Regions: E=young(eden), S=young(survivor), O=old, HS=humongous(starts), HC=humongous(continues), CS=collection set, F=free, OA=open archive, CA=closed archive, TAMS=top-at-mark-start (previous, next)
|   0|0x0000000703200000, 0x0000000703400000, 0x0000000703400000|100%| O|  |TAMS 0x0000000703200000, 0x0000000703200000| Untracked 
|   1|0x0000000703400000, 0x0000000703600000, 0x0000000703600000|100%| O|  |TAMS 0x0000000703400000, 0x0000000703400000| Untracked 
|   2|0x0000000703600000, 0x0000000703800000, 0x0000000703800000|100%| O|  |TAMS 0x0000000703600000, 0x0000000703600000| Untracked 
|   3|0x0000000703800000, 0x0000000703928e00, 0x0000000703a00000| 57%| O|  |TAMS 0x0000000703800000, 0x0000000703800000| Untracked 
|   4|0x0000000703a00000, 0x0000000703a00000, 0x0000000703c00000|  0%| F|  |TAMS 0x0000000703a00000, 0x0000000703a00000| Untracked 
|   5|0x0000000703c00000, 0x0000000703c00000, 0x0000000703e00000|  0%| F|  |TAMS 0x0000000703c00000, 0x0000000703c00000| Untracked 
|   6|0x0000000703e00000, 0x0000000703e00000, 0x0000000704000000|  0%| F|  |TAMS 0x0000000703e00000, 0x0000000703e00000| Untracked 
|   7|0x0000000704000000, 0x0000000704000000, 0x0000000704200000|  0%| F|  |TAMS 0x0000000704000000, 0x0000000704000000| Untracked 
|   8|0x0000000704200000, 0x0000000704200000, 0x0000000704400000|  0%| F|  |TAMS 0x0000000704200000, 0x0000000704200000| Untracked 
|   9|0x0000000704400000, 0x0000000704400000, 0x0000000704600000|  0%| F|  |TAMS 0x0000000704400000, 0x0000000704400000| Untracked 
|  10|0x0000000704600000, 0x0000000704600000, 0x0000000704800000|  0%| F|  |TAMS 0x0000000704600000, 0x0000000704600000| Untracked 
|  11|0x0000000704800000, 0x0000000704800000, 0x0000000704a00000|  0%| F|  |TAMS 0x0000000704800000, 0x0000000704800000| Untracked 
|  12|0x0000000704a00000, 0x0000000704a00000, 0x0000000704c00000|  0%| F|  |TAMS 0x0000000704a00000, 0x0000000704a00000| Untracked 
|  13|0x0000000704c00000, 0x0000000704c00000, 0x0000000704e00000|  0%| F|  |TAMS 0x0000000704c00000, 0x0000000704c00000| Untracked 
|  14|0x0000000704e00000, 0x0000000704e00000, 0x0000000705000000|  0%| F|  |TAMS 0x0000000704e00000, 0x0000000704e00000| Untracked 
|  15|0x0000000705000000, 0x0000000705000000, 0x0000000705200000|  0%| F|  |TAMS 0x0000000705000000, 0x0000000705000000| Untracked 
|  16|0x0000000705200000, 0x0000000705200000, 0x0000000705400000|  0%| F|  |TAMS 0x0000000705200000, 0x0000000705200000| Untracked 
|  17|0x0000000705400000, 0x0000000705400000, 0x0000000705600000|  0%| F|  |TAMS 0x0000000705400000, 0x0000000705400000| Untracked 
|  18|0x0000000705600000, 0x0000000705600000, 0x0000000705800000|  0%| F|  |TAMS 0x0000000705600000, 0x0000000705600000| Untracked 
|  19|0x0000000705800000, 0x0000000705800000, 0x0000000705a00000|  0%| F|  |TAMS 0x0000000705800000, 0x0000000705800000| Untracked 
|  20|0x0000000705a00000, 0x0000000705a00000, 0x0000000705c00000|  0%| F|  |TAMS 0x0000000705a00000, 0x0000000705a00000| Untracked 
|  21|0x0000000705c00000, 0x0000000705c00000, 0x0000000705e00000|  0%| F|  |TAMS 0x0000000705c00000, 0x0000000705c00000| Untracked 
|  22|0x0000000705e00000, 0x0000000705e00000, 0x0000000706000000|  0%| F|  |TAMS 0x0000000705e00000, 0x0000000705e00000| Untracked 
|  23|0x0000000706000000, 0x0000000706000000, 0x0000000706200000|  0%| F|  |TAMS 0x0000000706000000, 0x0000000706000000| Untracked 
|  24|0x0000000706200000, 0x0000000706200000, 0x0000000706400000|  0%| F|  |TAMS 0x0000000706200000, 0x0000000706200000| Untracked 
|  25|0x0000000706400000, 0x0000000706400000, 0x0000000706600000|  0%| F|  |TAMS 0x0000000706400000, 0x0000000706400000| Untracked 
|  26|0x0000000706600000, 0x0000000706600000, 0x0000000706800000|  0%| F|  |TAMS 0x0000000706600000, 0x0000000706600000| Untracked 
|  27|0x0000000706800000, 0x0000000706800000, 0x0000000706a00000|  0%| F|  |TAMS 0x0000000706800000, 0x0000000706800000| Untracked 
|  28|0x0000000706a00000, 0x0000000706a00000, 0x0000000706c00000|  0%| F|  |TAMS 0x0000000706a00000, 0x0000000706a00000| Untracked 
|  29|0x0000000706c00000, 0x0000000706c00000, 0x0000000706e00000|  0%| F|  |TAMS 0x0000000706c00000, 0x0000000706c00000| Untracked 
|  30|0x0000000706e00000, 0x0000000706e00000, 0x0000000707000000|  0%| F|  |TAMS 0x0000000706e00000, 0x0000000706e00000| Untracked 
|  31|0x0000000707000000, 0x0000000707000000, 0x0000000707200000|  0%| F|  |TAMS 0x0000000707000000, 0x0000000707000000| Untracked 
|  32|0x0000000707200000, 0x0000000707200000, 0x0000000707400000|  0%| F|  |TAMS 0x0000000707200000, 0x0000000707200000| Untracked 
|  33|0x0000000707400000, 0x0000000707400000, 0x0000000707600000|  0%| F|  |TAMS 0x0000000707400000, 0x0000000707400000| Untracked 
|  34|0x0000000707600000, 0x0000000707600000, 0x0000000707800000|  0%| F|  |TAMS 0x0000000707600000, 0x0000000707600000| Untracked 
|  35|0x0000000707800000, 0x0000000707800000, 0x0000000707a00000|  0%| F|  |TAMS 0x0000000707800000, 0x0000000707800000| Untracked 
|  36|0x0000000707a00000, 0x0000000707a00000, 0x0000000707c00000|  0%| F|  |TAMS 0x0000000707a00000, 0x0000000707a00000| Untracked 
|  37|0x0000000707c00000, 0x0000000707c00000, 0x0000000707e00000|  0%| F|  |TAMS 0x0000000707c00000, 0x0000000707c00000| Untracked 
|  38|0x0000000707e00000, 0x0000000707e00000, 0x0000000708000000|  0%| F|  |TAMS 0x0000000707e00000, 0x0000000707e00000| Untracked 
|  39|0x0000000708000000, 0x0000000708000000, 0x0000000708200000|  0%| F|  |TAMS 0x0000000708000000, 0x0000000708000000| Untracked 
|  40|0x0000000708200000, 0x0000000708200000, 0x0000000708400000|  0%| F|  |TAMS 0x0000000708200000, 0x0000000708200000| Untracked 
|  41|0x0000000708400000, 0x0000000708400000, 0x0000000708600000|  0%| F|  |TAMS 0x0000000708400000, 0x0000000708400000| Untracked 
|  42|0x0000000708600000, 0x0000000708600000, 0x0000000708800000|  0%| F|  |TAMS 0x0000000708600000, 0x0000000708600000| Untracked 
|  43|0x0000000708800000, 0x0000000708800000, 0x0000000708a00000|  0%| F|  |TAMS 0x0000000708800000, 0x0000000708800000| Untracked 
|  44|0x0000000708a00000, 0x0000000708a00000, 0x0000000708c00000|  0%| F|  |TAMS 0x0000000708a00000, 0x0000000708a00000| Untracked 
|  45|0x0000000708c00000, 0x0000000708c00000, 0x0000000708e00000|  0%| F|  |TAMS 0x0000000708c00000, 0x0000000708c00000| Untracked 
|  46|0x0000000708e00000, 0x0000000708e00000, 0x0000000709000000|  0%| F|  |TAMS 0x0000000708e00000, 0x0000000708e00000| Untracked 
|  47|0x0000000709000000, 0x0000000709000000, 0x0000000709200000|  0%| F|  |TAMS 0x0000000709000000, 0x0000000709000000| Untracked 
|  48|0x0000000709200000, 0x0000000709200000, 0x0000000709400000|  0%| F|  |TAMS 0x0000000709200000, 0x0000000709200000| Untracked 
|  49|0x0000000709400000, 0x0000000709400000, 0x0000000709600000|  0%| F|  |TAMS 0x0000000709400000, 0x0000000709400000| Untracked 
|  50|0x0000000709600000, 0x0000000709600000, 0x0000000709800000|  0%| F|  |TAMS 0x0000000709600000, 0x0000000709600000| Untracked 
|  51|0x0000000709800000, 0x0000000709800000, 0x0000000709a00000|  0%| F|  |TAMS 0x0000000709800000, 0x0000000709800000| Untracked 
|  52|0x0000000709a00000, 0x0000000709a00000, 0x0000000709c00000|  0%| F|  |TAMS 0x0000000709a00000, 0x0000000709a00000| Untracked 
|  53|0x0000000709c00000, 0x0000000709c00000, 0x0000000709e00000|  0%| F|  |TAMS 0x0000000709c00000, 0x0000000709c00000| Untracked 
|  54|0x0000000709e00000, 0x0000000709e00000, 0x000000070a000000|  0%| F|  |TAMS 0x0000000709e00000, 0x0000000709e00000| Untracked 
|  55|0x000000070a000000, 0x000000070a000000, 0x000000070a200000|  0%| F|  |TAMS 0x000000070a000000, 0x000000070a000000| Untracked 
|  56|0x000000070a200000, 0x000000070a200000, 0x000000070a400000|  0%| F|  |TAMS 0x000000070a200000, 0x000000070a200000| Untracked 
|  57|0x000000070a400000, 0x000000070a400000, 0x000000070a600000|  0%| F|  |TAMS 0x000000070a400000, 0x000000070a400000| Untracked 
|  58|0x000000070a600000, 0x000000070a600000, 0x000000070a800000|  0%| F|  |TAMS 0x000000070a600000, 0x000000070a600000| Untracked 
|  59|0x000000070a800000, 0x000000070a800000, 0x000000070aa00000|  0%| F|  |TAMS 0x000000070a800000, 0x000000070a800000| Untracked 
|  60|0x000000070aa00000, 0x000000070aa00000, 0x000000070ac00000|  0%| F|  |TAMS 0x000000070aa00000, 0x000000070aa00000| Untracked 
|  61|0x000000070ac00000, 0x000000070ac00000, 0x000000070ae00000|  0%| F|  |TAMS 0x000000070ac00000, 0x000000070ac00000| Untracked 
|  62|0x000000070ae00000, 0x000000070ae00000, 0x000000070b000000|  0%| F|  |TAMS 0x000000070ae00000, 0x000000070ae00000| Untracked 
|  63|0x000000070b000000, 0x000000070b000000, 0x000000070b200000|  0%| F|  |TAMS 0x000000070b000000, 0x000000070b000000| Untracked 
|  64|0x000000070b200000, 0x000000070b200000, 0x000000070b400000|  0%| F|  |TAMS 0x000000070b200000, 0x000000070b200000| Untracked 
|  65|0x000000070b400000, 0x000000070b400000, 0x000000070b600000|  0%| F|  |TAMS 0x000000070b400000, 0x000000070b400000| Untracked 
|  66|0x000000070b600000, 0x000000070b600000, 0x000000070b800000|  0%| F|  |TAMS 0x000000070b600000, 0x000000070b600000| Untracked 
|  67|0x000000070b800000, 0x000000070b800000, 0x000000070ba00000|  0%| F|  |TAMS 0x000000070b800000, 0x000000070b800000| Untracked 
|  68|0x000000070ba00000, 0x000000070ba00000, 0x000000070bc00000|  0%| F|  |TAMS 0x000000070ba00000, 0x000000070ba00000| Untracked 
|  69|0x000000070bc00000, 0x000000070bc00000, 0x000000070be00000|  0%| F|  |TAMS 0x000000070bc00000, 0x000000070bc00000| Untracked 
|  70|0x000000070be00000, 0x000000070be00000, 0x000000070c000000|  0%| F|  |TAMS 0x000000070be00000, 0x000000070be00000| Untracked 
|  71|0x000000070c000000, 0x000000070c000000, 0x000000070c200000|  0%| F|  |TAMS 0x000000070c000000, 0x000000070c000000| Untracked 
|  72|0x000000070c200000, 0x000000070c200000, 0x000000070c400000|  0%| F|  |TAMS 0x000000070c200000, 0x000000070c200000| Untracked 
|  73|0x000000070c400000, 0x000000070c400000, 0x000000070c600000|  0%| F|  |TAMS 0x000000070c400000, 0x000000070c400000| Untracked 
|  74|0x000000070c600000, 0x000000070c600000, 0x000000070c800000|  0%| F|  |TAMS 0x000000070c600000, 0x000000070c600000| Untracked 
|  75|0x000000070c800000, 0x000000070c800000, 0x000000070ca00000|  0%| F|  |TAMS 0x000000070c800000, 0x000000070c800000| Untracked 
|  76|0x000000070ca00000, 0x000000070ca00000, 0x000000070cc00000|  0%| F|  |TAMS 0x000000070ca00000, 0x000000070ca00000| Untracked 
|  77|0x000000070cc00000, 0x000000070cc00000, 0x000000070ce00000|  0%| F|  |TAMS 0x000000070cc00000, 0x000000070cc00000| Untracked 
|  78|0x000000070ce00000, 0x000000070ce00000, 0x000000070d000000|  0%| F|  |TAMS 0x000000070ce00000, 0x000000070ce00000| Untracked 
|  79|0x000000070d000000, 0x000000070d000000, 0x000000070d200000|  0%| F|  |TAMS 0x000000070d000000, 0x000000070d000000| Untracked 
|  80|0x000000070d200000, 0x000000070d200000, 0x000000070d400000|  0%| F|  |TAMS 0x000000070d200000, 0x000000070d200000| Untracked 
|  81|0x000000070d400000, 0x000000070d400000, 0x000000070d600000|  0%| F|  |TAMS 0x000000070d400000, 0x000000070d400000| Untracked 
|  82|0x000000070d600000, 0x000000070d600000, 0x000000070d800000|  0%| F|  |TAMS 0x000000070d600000, 0x000000070d600000| Untracked 
|  83|0x000000070d800000, 0x000000070d800000, 0x000000070da00000|  0%| F|  |TAMS 0x000000070d800000, 0x000000070d800000| Untracked 
|  84|0x000000070da00000, 0x000000070da00000, 0x000000070dc00000|  0%| F|  |TAMS 0x000000070da00000, 0x000000070da00000| Untracked 
|  85|0x000000070dc00000, 0x000000070dc00000, 0x000000070de00000|  0%| F|  |TAMS 0x000000070dc00000, 0x000000070dc00000| Untracked 
|  86|0x000000070de00000, 0x000000070de00000, 0x000000070e000000|  0%| F|  |TAMS 0x000000070de00000, 0x000000070de00000| Untracked 
|  87|0x000000070e000000, 0x000000070e000000, 0x000000070e200000|  0%| F|  |TAMS 0x000000070e000000, 0x000000070e000000| Untracked 
|  88|0x000000070e200000, 0x000000070e200000, 0x000000070e400000|  0%| F|  |TAMS 0x000000070e200000, 0x000000070e200000| Untracked 
|  89|0x000000070e400000, 0x000000070e400000, 0x000000070e600000|  0%| F|  |TAMS 0x000000070e400000, 0x000000070e400000| Untracked 
|  90|0x000000070e600000, 0x000000070e600000, 0x000000070e800000|  0%| F|  |TAMS 0x000000070e600000, 0x000000070e600000| Untracked 
|  91|0x000000070e800000, 0x000000070e800000, 0x000000070ea00000|  0%| F|  |TAMS 0x000000070e800000, 0x000000070e800000| Untracked 
|  92|0x000000070ea00000, 0x000000070ea00000, 0x000000070ec00000|  0%| F|  |TAMS 0x000000070ea00000, 0x000000070ea00000| Untracked 
|  93|0x000000070ec00000, 0x000000070ec00000, 0x000000070ee00000|  0%| F|  |TAMS 0x000000070ec00000, 0x000000070ec00000| Untracked 
|  94|0x000000070ee00000, 0x000000070ee00000, 0x000000070f000000|  0%| F|  |TAMS 0x000000070ee00000, 0x000000070ee00000| Untracked 
|  95|0x000000070f000000, 0x000000070f000000, 0x000000070f200000|  0%| F|  |TAMS 0x000000070f000000, 0x000000070f000000| Untracked 
|  96|0x000000070f200000, 0x000000070f200000, 0x000000070f400000|  0%| F|  |TAMS 0x000000070f200000, 0x000000070f200000| Untracked 
|  97|0x000000070f400000, 0x000000070f400000, 0x000000070f600000|  0%| F|  |TAMS 0x000000070f400000, 0x000000070f400000| Untracked 
|  98|0x000000070f600000, 0x000000070f600000, 0x000000070f800000|  0%| F|  |TAMS 0x000000070f600000, 0x000000070f600000| Untracked 
|  99|0x000000070f800000, 0x000000070f800000, 0x000000070fa00000|  0%| F|  |TAMS 0x000000070f800000, 0x000000070f800000| Untracked 
| 100|0x000000070fa00000, 0x000000070fa00000, 0x000000070fc00000|  0%| F|  |TAMS 0x000000070fa00000, 0x000000070fa00000| Untracked 
| 101|0x000000070fc00000, 0x000000070fc00000, 0x000000070fe00000|  0%| F|  |TAMS 0x000000070fc00000, 0x000000070fc00000| Untracked 
| 102|0x000000070fe00000, 0x000000070fe00000, 0x0000000710000000|  0%| F|  |TAMS 0x000000070fe00000, 0x000000070fe00000| Untracked 
| 103|0x0000000710000000, 0x0000000710000000, 0x0000000710200000|  0%| F|  |TAMS 0x0000000710000000, 0x0000000710000000| Untracked 
| 104|0x0000000710200000, 0x0000000710200000, 0x0000000710400000|  0%| F|  |TAMS 0x0000000710200000, 0x0000000710200000| Untracked 
| 105|0x0000000710400000, 0x0000000710400000, 0x0000000710600000|  0%| F|  |TAMS 0x0000000710400000, 0x0000000710400000| Untracked 
| 106|0x0000000710600000, 0x0000000710600000, 0x0000000710800000|  0%| F|  |TAMS 0x0000000710600000, 0x0000000710600000| Untracked 
| 107|0x0000000710800000, 0x0000000710800000, 0x0000000710a00000|  0%| F|  |TAMS 0x0000000710800000, 0x0000000710800000| Untracked 
| 108|0x0000000710a00000, 0x0000000710a00000, 0x0000000710c00000|  0%| F|  |TAMS 0x0000000710a00000, 0x0000000710a00000| Untracked 
| 109|0x0000000710c00000, 0x0000000710c00000, 0x0000000710e00000|  0%| F|  |TAMS 0x0000000710c00000, 0x0000000710c00000| Untracked 
| 110|0x0000000710e00000, 0x0000000710e00000, 0x0000000711000000|  0%| F|  |TAMS 0x0000000710e00000, 0x0000000710e00000| Untracked 
| 111|0x0000000711000000, 0x00000007111e7488, 0x0000000711200000| 95%| S|CS|TAMS 0x0000000711000000, 0x0000000711000000| Complete 
| 112|0x0000000711200000, 0x0000000711200000, 0x0000000711400000|  0%| F|  |TAMS 0x0000000711200000, 0x0000000711200000| Untracked 
| 113|0x0000000711400000, 0x0000000711400000, 0x0000000711600000|  0%| F|  |TAMS 0x0000000711400000, 0x0000000711400000| Untracked 
| 114|0x0000000711600000, 0x0000000711600000, 0x0000000711800000|  0%| F|  |TAMS 0x0000000711600000, 0x0000000711600000| Untracked 
| 115|0x0000000711800000, 0x0000000711800000, 0x0000000711a00000|  0%| F|  |TAMS 0x0000000711800000, 0x0000000711800000| Untracked 
| 116|0x0000000711a00000, 0x0000000711a00000, 0x0000000711c00000|  0%| F|  |TAMS 0x0000000711a00000, 0x0000000711a00000| Untracked 
| 117|0x0000000711c00000, 0x0000000711c00000, 0x0000000711e00000|  0%| F|  |TAMS 0x0000000711c00000, 0x0000000711c00000| Untracked 
| 118|0x0000000711e00000, 0x0000000711e00000, 0x0000000712000000|  0%| F|  |TAMS 0x0000000711e00000, 0x0000000711e00000| Untracked 
| 119|0x0000000712000000, 0x0000000712000000, 0x0000000712200000|  0%| F|  |TAMS 0x0000000712000000, 0x0000000712000000| Untracked 
| 120|0x0000000712200000, 0x0000000712200000, 0x0000000712400000|  0%| F|  |TAMS 0x0000000712200000, 0x0000000712200000| Untracked 
| 121|0x0000000712400000, 0x0000000712400000, 0x0000000712600000|  0%| F|  |TAMS 0x0000000712400000, 0x0000000712400000| Untracked 
| 122|0x0000000712600000, 0x0000000712600000, 0x0000000712800000|  0%| F|  |TAMS 0x0000000712600000, 0x0000000712600000| Untracked 
| 123|0x0000000712800000, 0x0000000712800000, 0x0000000712a00000|  0%| F|  |TAMS 0x0000000712800000, 0x0000000712800000| Untracked 
| 124|0x0000000712a00000, 0x0000000712a00000, 0x0000000712c00000|  0%| F|  |TAMS 0x0000000712a00000, 0x0000000712a00000| Untracked 
| 125|0x0000000712c00000, 0x0000000712c00000, 0x0000000712e00000|  0%| F|  |TAMS 0x0000000712c00000, 0x0000000712c00000| Untracked 
| 126|0x0000000712e00000, 0x0000000712fffbc8, 0x0000000713000000| 99%| E|  |TAMS 0x0000000712e00000, 0x0000000712e00000| Complete 

Card table byte_map: [0x000002152d530000,0x000002152dd20000] _byte_map_base: 0x0000021529d17000

Marking Bits (Prev, Next): (CMBitMap*) 0x00000215161e8a80, (CMBitMap*) 0x00000215161e8ac0
 Prev Bits: [0x000002152e510000, 0x0000021532448000)
 Next Bits: [0x0000021532450000, 0x0000021536388000)

Polling page: 0x0000021514120000

Metaspace:

Usage:
  Non-class:     10.00 MB used.
      Class:      1.31 MB used.
       Both:     11.31 MB used.

Virtual space:
  Non-class space:       64.00 MB reserved,      10.06 MB ( 16%) committed,  1 nodes.
      Class space:        1.00 GB reserved,       1.38 MB ( <1%) committed,  1 nodes.
             Both:        1.06 GB reserved,      11.44 MB (  1%) committed. 

Chunk freelists:
   Non-Class:  5.61 MB
       Class:  14.44 MB
        Both:  20.05 MB

MaxMetaspaceSize: unlimited
CompressedClassSpaceSize: 1.00 GB
Initial GC threshold: 21.00 MB
Current GC threshold: 21.00 MB
CDS: on
MetaspaceReclaimPolicy: balanced
 - commit_granule_bytes: 65536.
 - commit_granule_words: 8192.
 - virtual_space_node_default_size: 8388608.
 - enlarge_chunks_in_place: 1.
 - new_chunks_are_fully_committed: 0.
 - uncommit_free_chunks: 1.
 - use_allocation_guard: 0.
 - handle_deallocations: 1.


Internal statistics:

num_allocs_failed_limit: 0.
num_arena_births: 166.
num_arena_deaths: 0.
num_vsnodes_births: 2.
num_vsnodes_deaths: 0.
num_space_committed: 183.
num_space_uncommitted: 0.
num_chunks_returned_to_freelist: 0.
num_chunks_taken_from_freelist: 488.
num_chunk_merges: 0.
num_chunk_splits: 280.
num_chunks_enlarged: 186.
num_inconsistent_stats: 0.

CodeHeap 'non-profiled nmethods': size=120000Kb used=583Kb max_used=583Kb free=119416Kb
 bounds [0x00000215254e0000, 0x0000021525750000, 0x000002152ca10000]
CodeHeap 'profiled nmethods': size=120000Kb used=3097Kb max_used=3097Kb free=116902Kb
 bounds [0x000002151da10000, 0x000002151dd20000, 0x0000021524f40000]
CodeHeap 'non-nmethods': size=5760Kb used=1186Kb max_used=1207Kb free=4573Kb
 bounds [0x0000021524f40000, 0x00000215251b0000, 0x00000215254e0000]
 total_blobs=2056 nmethods=1586 adapters=382
 compilation: enabled
              stopped_count=0, restarted_count=0
 full_count=0

Compilation events (20 events):
Event: 1.012 Thread 0x000002157e015140 nmethod 1581 0x000002151dd11690 code [0x000002151dd11aa0, 0x000002151dd13768]
Event: 1.012 Thread 0x000002157e015140 1580       3       java.lang.System$2::getAnnotationType (5 bytes)
Event: 1.012 Thread 0x000002157e015140 nmethod 1580 0x000002151dd14190 code [0x000002151dd14320, 0x000002151dd14458]
Event: 1.012 Thread 0x000002157e015140 1583   !   3       jdk.proxy1.$Proxy0::annotationType (29 bytes)
Event: 1.012 Thread 0x000002157e015140 nmethod 1583 0x000002151dd14510 code [0x000002151dd146e0, 0x000002151dd14ad8]
Event: 1.012 Thread 0x000002157e015140 1584       1       org.springframework.core.annotation.AnnotationTypeMapping::getAttributes (5 bytes)
Event: 1.012 Thread 0x000002157e015140 nmethod 1584 0x0000021525570890 code [0x0000021525570a20, 0x0000021525570af8]
Event: 1.013 Thread 0x000002157e012b50 nmethod 1572 0x0000021525570b90 code [0x0000021525570d20, 0x00000215255710b8]
Event: 1.013 Thread 0x000002157e012b50 1582       4       java.lang.Class::getClassLoader (28 bytes)
Event: 1.013 Thread 0x000002157e012b50 nmethod 1582 0x0000021525571310 code [0x0000021525571480, 0x0000021525571538]
Event: 1.018 Thread 0x000002157e015140 1585   !   3       java.lang.ref.ReferenceQueue::remove (125 bytes)
Event: 1.018 Thread 0x000002157e015140 nmethod 1585 0x000002151dd14c90 code [0x000002151dd14ea0, 0x000002151dd15658]
Event: 1.018 Thread 0x000002157e015140 1586   !   3       jdk.internal.ref.PhantomCleanable::isListEmpty (34 bytes)
Event: 1.018 Thread 0x000002157e015140 nmethod 1586 0x000002151dd15990 code [0x000002151dd15b20, 0x000002151dd15d78]
Event: 1.018 Thread 0x000002157e015140 1588       3       jdk.internal.misc.InnocuousThread::eraseThreadLocals (23 bytes)
Event: 1.019 Thread 0x000002157e015140 nmethod 1588 0x000002151dd15e90 code [0x000002151dd16020, 0x000002151dd16218]
Event: 1.019 Thread 0x000002157e015140 1587       3       java.lang.invoke.MethodHandleNatives$CallSiteContext::run (5 bytes)
Event: 1.019 Thread 0x000002157e015140 nmethod 1587 0x000002151dd16290 code [0x000002151dd16420, 0x000002151dd16548]
Event: 1.019 Thread 0x000002157e012b50 1590       4       java.lang.StringUTF16::compress (20 bytes)
Event: 1.020 Thread 0x000002157e012b50 nmethod 1590 0x0000021525571a10 code [0x0000021525571ba0, 0x0000021525571dd8]

GC Heap History (4 events):
Event: 0.632 GC heap before
{Heap before GC invocations=0 (full 0):
 garbage-first heap   total 260096K, used 22528K [0x0000000703200000, 0x0000000800000000)
  region size 2048K, 11 young (22528K), 0 survivors (0K)
 Metaspace       used 5274K, committed 5440K, reserved 1114112K
  class space    used 560K, committed 640K, reserved 1048576K
}
Event: 0.635 GC heap after
{Heap after GC invocations=1 (full 0):
 garbage-first heap   total 260096K, used 6837K [0x0000000703200000, 0x0000000800000000)
  region size 2048K, 2 young (4096K), 2 survivors (4096K)
 Metaspace       used 5274K, committed 5440K, reserved 1114112K
  class space    used 560K, committed 640K, reserved 1048576K
}
Event: 1.015 GC heap before
{Heap before GC invocations=1 (full 0):
 garbage-first heap   total 260096K, used 33461K [0x0000000703200000, 0x0000000800000000)
  region size 2048K, 15 young (30720K), 2 survivors (4096K)
 Metaspace       used 11506K, committed 11712K, reserved 1114112K
  class space    used 1335K, committed 1408K, reserved 1048576K
}
Event: 1.018 GC heap after
{Heap after GC invocations=2 (full 0):
 garbage-first heap   total 260096K, used 9280K [0x0000000703200000, 0x0000000800000000)
  region size 2048K, 1 young (2048K), 1 survivors (2048K)
 Metaspace       used 11506K, committed 11712K, reserved 1114112K
  class space    used 1335K, committed 1408K, reserved 1048576K
}

Deoptimization events (20 events):
Event: 0.971 Thread 0x0000021516179750 Uncommon trap: trap_request=0xffffff45 fr.pc=0x00000215255643a8 relative=0x0000000000000288
Event: 0.971 Thread 0x0000021516179750 Uncommon trap: reason=unstable_if action=reinterpret pc=0x00000215255643a8 method=java.lang.String.indexOf([BBILjava/lang/String;I)I @ 62 c2
Event: 0.971 Thread 0x0000021516179750 DEOPT PACKING pc=0x00000215255643a8 sp=0x000000c36ecfc8c0
Event: 0.971 Thread 0x0000021516179750 DEOPT UNPACKING pc=0x0000021524f95ba3 sp=0x000000c36ecfc7d0 mode 2
Event: 0.975 Thread 0x0000021516179750 Uncommon trap: trap_request=0xffffff45 fr.pc=0x0000021525561d14 relative=0x0000000000000194
Event: 0.975 Thread 0x0000021516179750 Uncommon trap: reason=unstable_if action=reinterpret pc=0x0000021525561d14 method=java.lang.String.equals(Ljava/lang/Object;)Z @ 33 c2
Event: 0.975 Thread 0x0000021516179750 DEOPT PACKING pc=0x0000021525561d14 sp=0x000000c36ecfc450
Event: 0.975 Thread 0x0000021516179750 DEOPT UNPACKING pc=0x0000021524f95ba3 sp=0x000000c36ecfc3f0 mode 2
Event: 0.978 Thread 0x0000021516179750 Uncommon trap: trap_request=0xffffff45 fr.pc=0x0000021525520f14 relative=0x0000000000000194
Event: 0.978 Thread 0x0000021516179750 Uncommon trap: reason=unstable_if action=reinterpret pc=0x0000021525520f14 method=java.lang.StringUTF16.indexOfCharUnsafe([BIII)I @ 16 c2
Event: 0.978 Thread 0x0000021516179750 DEOPT PACKING pc=0x0000021525520f14 sp=0x000000c36ecfc260
Event: 0.978 Thread 0x0000021516179750 DEOPT UNPACKING pc=0x0000021524f95ba3 sp=0x000000c36ecfc200 mode 2
Event: 0.981 Thread 0x0000021516179750 DEOPT PACKING pc=0x000002151dcdbc98 sp=0x000000c36ecf8670
Event: 0.981 Thread 0x0000021516179750 DEOPT UNPACKING pc=0x0000021524f966e3 sp=0x000000c36ecf7b78 mode 0
Event: 1.002 Thread 0x0000021516179750 Uncommon trap: trap_request=0xffffff45 fr.pc=0x000002152553837c relative=0x00000000000002dc
Event: 1.002 Thread 0x0000021516179750 Uncommon trap: reason=unstable_if action=reinterpret pc=0x000002152553837c method=jdk.internal.org.objectweb.asm.SymbolTable.put(Ljdk/internal/org/objectweb/asm/SymbolTable$Entry;)Ljdk/internal/org/objectweb/asm/SymbolTable$Entry; @ 13 c2
Event: 1.002 Thread 0x0000021516179750 DEOPT PACKING pc=0x000002152553837c sp=0x000000c36ecfb410
Event: 1.002 Thread 0x0000021516179750 DEOPT UNPACKING pc=0x0000021524f95ba3 sp=0x000000c36ecfb390 mode 2
Event: 1.013 Thread 0x0000021516179750 DEOPT PACKING pc=0x000002151dcdbc98 sp=0x000000c36ecfbbf0
Event: 1.013 Thread 0x0000021516179750 DEOPT UNPACKING pc=0x0000021524f966e3 sp=0x000000c36ecfb0f8 mode 0

Classes unloaded (0 events):
No events

Classes redefined (1 events):
Event: 0.340 Thread 0x0000021538df5fe0 redefined class name=java.lang.Throwable, count=1

Internal exceptions (20 events):
Event: 0.684 Thread 0x0000021516179750 Exception <a 'java/lang/NoSuchMethodError'{0x0000000712d2c788}: 'int java.lang.invoke.DirectMethodHandle$Holder.invokeStatic(java.lang.Object, java.lang.Object, java.lang.Object, java.lang.Object, java.lang.Object)'> (0x0000000712d2c788) 
thrown [s\open\src\hotspot\share\interpreter\linkResolver.cpp, line 759]
Event: 0.691 Thread 0x0000021516179750 Exception <a 'java/lang/NoSuchMethodError'{0x0000000712d8be38}: 'void java.lang.invoke.DirectMethodHandle$Holder.invokeStaticInit(java.lang.Object)'> (0x0000000712d8be38) 
thrown [s\open\src\hotspot\share\interpreter\linkResolver.cpp, line 759]
Event: 0.704 Thread 0x0000021516179750 Exception <a 'java/lang/NoSuchMethodError'{0x0000000712a89058}: 'void java.lang.invoke.DirectMethodHandle$Holder.invokeStaticInit(java.lang.Object, java.lang.Object, java.lang.Object, java.lang.Object)'> (0x0000000712a89058) 
thrown [s\open\src\hotspot\share\interpreter\linkResolver.cpp, line 759]
Event: 0.713 Thread 0x0000021516179750 Exception <a 'java/lang/NoSuchMethodError'{0x0000000712b13728}: 'int java.lang.invoke.DirectMethodHandle$Holder.invokeStaticInit(java.lang.Object, java.lang.Object)'> (0x0000000712b13728) 
thrown [s\open\src\hotspot\share\interpreter\linkResolver.cpp, line 759]
Event: 0.778 Thread 0x0000021516179750 Exception <a 'java/lang/ClassNotFoundException'{0x00000007127809a8}: javax/smartcardio/CardPermission> (0x00000007127809a8) 
thrown [s\open\src\hotspot\share\classfile\systemDictionary.cpp, line 256]
Event: 0.780 Thread 0x0000021516179750 Exception <a 'java/io/FileNotFoundException'{0x0000000712791b20}> (0x0000000712791b20) 
thrown [s\open\src\hotspot\share\prims\jni.cpp, line 516]
Event: 0.793 Thread 0x0000021516179750 Exception <a 'java/lang/NoSuchMethodError'{0x00000007124356e0}: 'java.lang.Object java.lang.invoke.DirectMethodHandle$Holder.invokeSpecial(java.lang.Object, java.lang.Object, java.lang.Object, long, java.lang.Object)'> (0x00000007124356e0) 
thrown [s\open\src\hotspot\share\interpreter\linkResolver.cpp, line 759]
Event: 0.793 Thread 0x0000021516179750 Exception <a 'java/lang/NoSuchMethodError'{0x0000000712439578}: 'java.lang.Object java.lang.invoke.Invokers$Holder.linkToTargetMethod(java.lang.Object, long, java.lang.Object, java.lang.Object)'> (0x0000000712439578) 
thrown [s\open\src\hotspot\share\interpreter\linkResolver.cpp, line 759]
Event: 0.869 Thread 0x0000021516179750 Exception <a 'java/lang/NoSuchMethodError'{0x00000007121fa120}: 'int java.lang.invoke.DirectMethodHandle$Holder.invokeStaticInit(java.lang.Object, java.lang.Object, java.lang.Object)'> (0x00000007121fa120) 
thrown [s\open\src\hotspot\share\interpreter\linkResolver.cpp, line 759]
Event: 0.878 Thread 0x0000021516179750 Implicit null exception at 0x0000021525556681 to 0x0000021525557b37
Event: 0.884 Thread 0x0000021516179750 Exception <a 'java/lang/NoSuchMethodError'{0x0000000711f35fb0}: 'int java.lang.invoke.DirectMethodHandle$Holder.invokeInterface(java.lang.Object, java.lang.Object)'> (0x0000000711f35fb0) 
thrown [s\open\src\hotspot\share\interpreter\linkResolver.cpp, line 759]
Event: 0.900 Thread 0x0000021516179750 Exception <a 'java/lang/NoSuchMethodError'{0x0000000711c61a58}: 'void java.lang.invoke.DirectMethodHandle$Holder.invokeStaticInit(java.lang.Object, java.lang.Object)'> (0x0000000711c61a58) 
thrown [s\open\src\hotspot\share\interpreter\linkResolver.cpp, line 759]
Event: 0.918 Thread 0x0000021516179750 Exception <a 'java/lang/NoSuchMethodError'{0x0000000711d88208}: 'int java.lang.invoke.DirectMethodHandle$Holder.invokeVirtual(java.lang.Object, java.lang.Object, java.lang.Object)'> (0x0000000711d88208) 
thrown [s\open\src\hotspot\share\interpreter\linkResolver.cpp, line 759]
Event: 0.933 Thread 0x0000021516179750 Exception <a 'java/lang/NoSuchMethodError'{0x0000000711ab9be8}: 'void java.lang.invoke.DirectMethodHandle$Holder.invokeStatic(java.lang.Object, java.lang.Object, java.lang.Object, java.lang.Object, java.lang.Object, java.lang.Object)'> (0x0000000711ab9be8) 
thrown [s\open\src\hotspot\share\interpreter\linkResolver.cpp, line 759]
Event: 0.943 Thread 0x0000021516179750 Exception <a 'java/lang/IncompatibleClassChangeError'{0x0000000711b73d78}: Found class java.lang.Object, but interface was expected> (0x0000000711b73d78) 
thrown [s\open\src\hotspot\share\interpreter\linkResolver.cpp, line 826]
Event: 0.966 Thread 0x0000021516179750 Exception <a 'java/lang/NoSuchMethodError'{0x0000000711530190}: 'int java.lang.invoke.DirectMethodHandle$Holder.invokeSpecial(java.lang.Object, java.lang.Object, java.lang.Object, java.lang.Object)'> (0x0000000711530190) 
thrown [s\open\src\hotspot\share\interpreter\linkResolver.cpp, line 759]
Event: 0.971 Thread 0x0000021516179750 Exception <a 'sun/nio/fs/WindowsException'{0x000000071156f358}> (0x000000071156f358) 
thrown [s\open\src\hotspot\share\prims\jni.cpp, line 516]
Event: 0.972 Thread 0x0000021516179750 Exception <a 'java/lang/NoSuchMethodError'{0x0000000711572140}: 'int java.lang.invoke.DirectMethodHandle$Holder.invokeSpecial(java.lang.Object, java.lang.Object, java.lang.Object, java.lang.Object, java.lang.Object)'> (0x0000000711572140) 
thrown [s\open\src\hotspot\share\interpreter\linkResolver.cpp, line 759]
Event: 0.974 Thread 0x0000021516179750 Exception <a 'java/lang/NoSuchMethodError'{0x00000007115811b0}: 'void java.lang.invoke.DirectMethodHandle$Holder.invokeVirtual(java.lang.Object, java.lang.Object)'> (0x00000007115811b0) 
thrown [s\open\src\hotspot\share\interpreter\linkResolver.cpp, line 759]
Event: 0.978 Thread 0x0000021516179750 Exception <a 'sun/nio/fs/WindowsException'{0x00000007115aeab0}> (0x00000007115aeab0) 
thrown [s\open\src\hotspot\share\prims\jni.cpp, line 516]

VM Operations (20 events):
Event: 0.414 Executing VM operation: HandshakeAllThreads
Event: 0.414 Executing VM operation: HandshakeAllThreads done
Event: 0.478 Executing VM operation: HandshakeAllThreads
Event: 0.478 Executing VM operation: HandshakeAllThreads done
Event: 0.486 Executing VM operation: HandshakeAllThreads
Event: 0.486 Executing VM operation: HandshakeAllThreads done
Event: 0.510 Executing VM operation: HandshakeAllThreads
Event: 0.511 Executing VM operation: HandshakeAllThreads done
Event: 0.632 Executing VM operation: G1CollectForAllocation
Event: 0.635 Executing VM operation: G1CollectForAllocation done
Event: 0.758 Executing VM operation: HandshakeAllThreads
Event: 0.758 Executing VM operation: HandshakeAllThreads done
Event: 0.782 Executing VM operation: HandshakeAllThreads
Event: 0.782 Executing VM operation: HandshakeAllThreads done
Event: 0.952 Executing VM operation: HandshakeAllThreads
Event: 0.952 Executing VM operation: HandshakeAllThreads done
Event: 0.969 Executing VM operation: HandshakeAllThreads
Event: 0.969 Executing VM operation: HandshakeAllThreads done
Event: 1.015 Executing VM operation: G1CollectForAllocation
Event: 1.018 Executing VM operation: G1CollectForAllocation done

Events (20 events):
Event: 1.013 loading class org/springframework/context/annotation/Conditional
Event: 1.013 loading class org/springframework/context/annotation/Conditional done
Event: 1.014 loading class org/springframework/context/annotation/ScannedGenericBeanDefinition
Event: 1.014 loading class org/springframework/context/annotation/ScannedGenericBeanDefinition done
Event: 1.014 loading class org/springframework/beans/factory/support/GenericBeanDefinition
Event: 1.014 loading class org/springframework/beans/factory/support/GenericBeanDefinition done
Event: 1.014 loading class org/springframework/beans/factory/support/AbstractBeanDefinition
Event: 1.014 loading class org/springframework/beans/factory/support/AbstractBeanDefinition done
Event: 1.018 loading class org/springframework/beans/BeanMetadataAttributeAccessor
Event: 1.018 loading class org/springframework/beans/BeanMetadataAttributeAccessor done
Event: 1.019 loading class org/springframework/core/AttributeAccessorSupport
Event: 1.019 loading class org/springframework/core/AttributeAccessorSupport done
Event: 1.020 loading class org/springframework/beans/PropertyValues
Event: 1.020 loading class org/springframework/beans/PropertyValues done
Event: 1.020 loading class org/springframework/beans/factory/support/BeanDefinitionValidationException
Event: 1.020 loading class org/springframework/beans/factory/support/BeanDefinitionValidationException done
Event: 1.021 loading class org/springframework/beans/factory/support/MethodOverrides
Event: 1.021 loading class org/springframework/beans/factory/support/MethodOverrides done
Event: 1.021 loading class java/util/concurrent/CopyOnWriteArraySet
Event: 1.021 loading class java/util/concurrent/CopyOnWriteArraySet done


Dynamic libraries:
0x00007ff749840000 - 0x00007ff749850000 	C:\Program Files\Java\jdk-17\bin\java.exe
0x00007ffb47730000 - 0x00007ffb47928000 	C:\Windows\SYSTEM32\ntdll.dll
0x00007ffb073a0000 - 0x00007ffb073ba000 	C:\Program Files\Avast Software\Avast\aswhook.dll
0x00007ffb47230000 - 0x00007ffb472f2000 	C:\Windows\System32\KERNEL32.DLL
0x00007ffb45120000 - 0x00007ffb4541e000 	C:\Windows\System32\KERNELBASE.dll
0x00007ffb45650000 - 0x00007ffb45750000 	C:\Windows\System32\ucrtbase.dll
0x00007ffb31910000 - 0x00007ffb3192b000 	C:\Program Files\Java\jdk-17\bin\VCRUNTIME140.dll
0x00007ffb35870000 - 0x00007ffb35889000 	C:\Program Files\Java\jdk-17\bin\jli.dll
0x00007ffb47310000 - 0x00007ffb473c1000 	C:\Windows\System32\ADVAPI32.dll
0x00007ffb45b10000 - 0x00007ffb45bae000 	C:\Windows\System32\msvcrt.dll
0x00007ffb466e0000 - 0x00007ffb4677f000 	C:\Windows\System32\sechost.dll
0x00007ffb465b0000 - 0x00007ffb466d3000 	C:\Windows\System32\RPCRT4.dll
0x00007ffb44dd0000 - 0x00007ffb44df7000 	C:\Windows\System32\bcrypt.dll
0x00007ffb46790000 - 0x00007ffb4692d000 	C:\Windows\System32\USER32.dll
0x00007ffb454c0000 - 0x00007ffb454e2000 	C:\Windows\System32\win32u.dll
0x00007ffb45bb0000 - 0x00007ffb45bdb000 	C:\Windows\System32\GDI32.dll
0x00007ffb44f90000 - 0x00007ffb450a7000 	C:\Windows\System32\gdi32full.dll
0x00007ffb45420000 - 0x00007ffb454bd000 	C:\Windows\System32\msvcp_win.dll
0x00007ffb189f0000 - 0x00007ffb18c8a000 	C:\Windows\WinSxS\amd64_microsoft.windows.common-controls_6595b64144ccf1df_6.0.19041.4355_none_60b8b9eb71f62e16\COMCTL32.dll
0x00007ffb38220000 - 0x00007ffb3822a000 	C:\Windows\SYSTEM32\VERSION.dll
0x00007ffb46b90000 - 0x00007ffb46bbf000 	C:\Windows\System32\IMM32.DLL
0x00007ffb3a5a0000 - 0x00007ffb3a5ac000 	C:\Program Files\Java\jdk-17\bin\vcruntime140_1.dll
0x00007ffb2b840000 - 0x00007ffb2b8ce000 	C:\Program Files\Java\jdk-17\bin\msvcp140.dll
0x00007ffac7ef0000 - 0x00007ffac8acf000 	C:\Program Files\Java\jdk-17\bin\server\jvm.dll
0x00007ffb47300000 - 0x00007ffb47308000 	C:\Windows\System32\PSAPI.DLL
0x00007ffb35f80000 - 0x00007ffb35f89000 	C:\Windows\SYSTEM32\WSOCK32.dll
0x00007ffb42140000 - 0x00007ffb42167000 	C:\Windows\SYSTEM32\WINMM.dll
0x00007ffb47110000 - 0x00007ffb4717b000 	C:\Windows\System32\WS2_32.dll
0x00007ffb435b0000 - 0x00007ffb435c2000 	C:\Windows\SYSTEM32\kernel.appcore.dll
0x00007ffb38de0000 - 0x00007ffb38dea000 	C:\Program Files\Java\jdk-17\bin\jimage.dll
0x00007ffb42a90000 - 0x00007ffb42c74000 	C:\Windows\SYSTEM32\DBGHELP.DLL
0x00007ffb420c0000 - 0x00007ffb420f4000 	C:\Windows\SYSTEM32\dbgcore.DLL
0x00007ffb44e00000 - 0x00007ffb44e82000 	C:\Windows\System32\bcryptPrimitives.dll
0x00007ffb35860000 - 0x00007ffb3586e000 	C:\Program Files\Java\jdk-17\bin\instrument.dll
0x00007ffb318e0000 - 0x00007ffb31905000 	C:\Program Files\Java\jdk-17\bin\java.dll
0x00007ffb31660000 - 0x00007ffb31678000 	C:\Program Files\Java\jdk-17\bin\zip.dll
0x00007ffb19bc0000 - 0x00007ffb19c97000 	C:\Program Files\Java\jdk-17\bin\jsvml.dll
0x00007ffb45be0000 - 0x00007ffb4634d000 	C:\Windows\System32\SHELL32.dll
0x00007ffb42df0000 - 0x00007ffb43594000 	C:\Windows\SYSTEM32\windows.storage.dll
0x00007ffb457b0000 - 0x00007ffb45b03000 	C:\Windows\System32\combase.dll
0x00007ffb44800000 - 0x00007ffb4482e000 	C:\Windows\SYSTEM32\Wldp.dll
0x00007ffb46460000 - 0x00007ffb4652d000 	C:\Windows\System32\OLEAUT32.dll
0x00007ffb46350000 - 0x00007ffb463fd000 	C:\Windows\System32\SHCORE.dll
0x00007ffb45750000 - 0x00007ffb457a5000 	C:\Windows\System32\shlwapi.dll
0x00007ffb44d00000 - 0x00007ffb44d24000 	C:\Windows\SYSTEM32\profapi.dll
0x00007ffb2eaa0000 - 0x00007ffb2eab9000 	C:\Program Files\Java\jdk-17\bin\net.dll
0x00007ffb405f0000 - 0x00007ffb406fd000 	C:\Windows\SYSTEM32\WINHTTP.dll
0x00007ffb444c0000 - 0x00007ffb4452a000 	C:\Windows\system32\mswsock.dll
0x00007ffb2e6f0000 - 0x00007ffb2e706000 	C:\Program Files\Java\jdk-17\bin\nio.dll
0x00007ffb3e490000 - 0x00007ffb3e4aa000 	C:\Program Files\JetBrains\IntelliJ IDEA Community Edition 2024.3\bin\breakgen64.dll

dbghelp: loaded successfully - version: 4.0.5 - missing functions: none
symbol engine: initialized successfully - sym options: 0x614 - pdb path: .;C:\Program Files\Java\jdk-17\bin;C:\Windows\SYSTEM32;C:\Program Files\Avast Software\Avast;C:\Windows\WinSxS\amd64_microsoft.windows.common-controls_6595b64144ccf1df_6.0.19041.4355_none_60b8b9eb71f62e16;C:\Program Files\Java\jdk-17\bin\server;C:\Program Files\JetBrains\IntelliJ IDEA Community Edition 2024.3\bin

VM Arguments:
jvm_args: -ea -Didea.test.cyclic.buffer.size=1048576 -javaagent:C:\Program Files\JetBrains\IntelliJ IDEA Community Edition 2024.3\lib\idea_rt.jar=60073:C:\Program Files\JetBrains\IntelliJ IDEA Community Edition 2024.3\bin -javaagent:C:\Users\jooyeon\AppData\Local\JetBrains\IdeaIC2024.3\captureAgent\debugger-agent.jar -Dkotlinx.coroutines.debug.enable.creation.stack.trace=false -Ddebugger.agent.enable.coroutines=true -Dkotlinx.coroutines.debug.enable.flows.stack.trace=true -Dkotlinx.coroutines.debug.enable.mutable.state.flows.stack.trace=true -Dfile.encoding=UTF-8 
java_command: com.intellij.rt.junit.JUnitStarter -ideVersion5 -junit5 com.acorn.hiJPA2.MemberRepositoryTest,test
java_class_path (initial): C:\Program Files\JetBrains\IntelliJ IDEA Community Edition 2024.3\lib\idea_rt.jar;C:\Program Files\JetBrains\IntelliJ IDEA Community Edition 2024.3\plugins\junit\lib\junit5-rt.jar;C:\Program Files\JetBrains\IntelliJ IDEA Community Edition 2024.3\plugins\junit\lib\junit-rt.jar;C:\Users\jooyeon\Documents\2024_2_cloud\\bootws3\hiJPA2\out\test\classes;C:\Users\jooyeon\Documents\2024_2_cloud\\bootws3\hiJPA2\out\production\classes;C:\Users\jooyeon\Documents\2024_2_cloud\\bootws3\hiJPA2\out\production\resources;C:\Users\jooyeon\.gradle\caches\modules-2\files-2.1\org.springframework.boot\spring-boot-starter-data-jpa\3.4.0\c6e24cab029e2b2ef36c4a5a5b1a82dbaa9d18c0\spring-boot-starter-data-jpa-3.4.0.jar;C:\Users\jooyeon\.gradle\caches\modules-2\files-2.1\org.springframework.boot\spring-boot-starter-thymeleaf\3.4.0\1ec7fdf829d485800146ec333d6e30af9fbc4830\spring-boot-starter-thymeleaf-3.4.0.jar;C:\Users\jooyeon\.gradle\caches\modules-2\files-2.1\org.springframework.boot\spring-boot-starter-web\3.4.0\5447a62dc3dee3eadf2def23314e0db4c81bb3\spring-boot-starter-web-3.4.0.jar;C:\Users\jooyeon\.gradle\caches\modules-2\files-2.1\org.springframework.boot\spring-boot-starter-test\3.4.0\c96000757d3197eb9735a41a47b88281448e2599\spring-boot-starter-test-3.4.0.jar;C:\Users\jooyeon\.gradle\caches\modules-2\files-2.1\org.springframework.boot\spring-boot-starter-jdbc\3.4.0\8e24eb3bee1a26a5b0ef58ad677ac3f6bf58a4ea\spring-boot-starter-jdbc-3.4.0.jar;C:\Users\jooyeon\.gradle\caches\modules-2\files-2.1\org.springframework.boot\spring-boot-starter\3.4.0\81b6241291e468e5654a4df26ee8fb35c2879bbc\spring-boot-starter-3.4.0.jar;C:\Users\jooyeon\.gradle\caches\modules-2\files-2.1\org.hibernate.orm\hibernate-core\6.6.2.Final\eb4edddac5d31e47c367dde7d7b53a2a87f364a6\hibernate-core-6.6.2.Final.jar;C:\Users\jooyeon\.gradle\caches\modules-2\files-2.1\org.springframework.data\spring-data-jpa\3.4.0\b4eba91ce346e78f66dcada67fc493b8acaeac69\spring-data-jp
Launcher Type: SUN_STANDARD

[Global flags]
     intx CICompilerCount                          = 4                                         {product} {ergonomic}
     uint ConcGCThreads                            = 2                                         {product} {ergonomic}
     uint G1ConcRefinementThreads                  = 8                                         {product} {ergonomic}
   size_t G1HeapRegionSize                         = 2097152                                   {product} {ergonomic}
    uintx GCDrainStackTargetSize                   = 64                                        {product} {ergonomic}
   size_t InitialHeapSize                          = 266338304                                 {product} {ergonomic}
   size_t MarkStackSize                            = 4194304                                   {product} {ergonomic}
   size_t MaxHeapSize                              = 4242538496                                {product} {ergonomic}
   size_t MaxNewSize                               = 2543845376                                {product} {ergonomic}
   size_t MinHeapDeltaBytes                        = 2097152                                   {product} {ergonomic}
   size_t MinHeapSize                              = 8388608                                   {product} {ergonomic}
    uintx NonNMethodCodeHeapSize                   = 5839372                                {pd product} {ergonomic}
    uintx NonProfiledCodeHeapSize                  = 122909434                              {pd product} {ergonomic}
    uintx ProfiledCodeHeapSize                     = 122909434                              {pd product} {ergonomic}
    uintx ReservedCodeCacheSize                    = 251658240                              {pd product} {ergonomic}
     bool SegmentedCodeCache                       = true                                      {product} {ergonomic}
   size_t SoftMaxHeapSize                          = 4242538496                             {manageable} {ergonomic}
     bool UseCompressedClassPointers               = true                           {product lp64_product} {ergonomic}
     bool UseCompressedOops                        = true                           {product lp64_product} {ergonomic}
     bool UseG1GC                                  = true                                      {product} {ergonomic}
     bool UseLargePagesIndividualAllocation        = false                                  {pd product} {ergonomic}

Logging:
Log output configuration:
 #0: stdout all=warning uptime,level,tags
 #1: stderr all=off uptime,level,tags

Environment Variables:
JAVA_HOME=C:\Program Files\Java\jdk-17
PATH=C:\Python312\Scripts\;C:\Python312\;C:\Program Files\Java\jdk-17\bin;C:\Users\jooyeon\Documents\2024_\tools\apache-tomcat-9.0.86-windows-x64\bin;C:\oracle\WINDOWS.X64_193000_db_home\bin;C:\Windows\system32;C:\Windows;C:\Windows\System32\Wbem;C:\Windows\System32\WindowsPowerShell\v1.0\;C:\Windows\System32\OpenSSH\;C:\Program Files (x86)\Google\Cloud SDK\google-cloud-sdk\bin;C:\ProgramData\chocolatey\bin;C:\Program Files\Docker\Docker\resources\bin;C:\Program Files\Common Files\Oracle\Java\javapath;C:\Program Files\Git\cmd;C:\Program Files\nodejs\;C:\Users\jooyeon\AppData\Local\Microsoft\WindowsApps;C:\Users\jooyeon\AppData\Local\Programs\Microsoft VS Code\bin;C:\Users\jooyeon\cloudnative2023;C:\Users\jooyeon\AppData\Roaming\npm
USERNAME=jooyeon
OS=Windows_NT
PROCESSOR_IDENTIFIER=Intel64 Family 6 Model 140 Stepping 1, GenuineIntel



---------------  S Y S T E M  ---------------

OS:
 Windows 10 , 64 bit Build 19041 (10.0.19041.5198)
OS uptime: 1 days 7:54 hours
Hyper-V role detected

CPU: total 8 (initial active 8) (4 cores per cpu, 2 threads per core) family 6 model 140 stepping 1 microcode 0x8a, cx8, cmov, fxsr, ht, mmx, 3dnowpref, sse, sse2, sse3, ssse3, sse4.1, sse4.2, popcnt, lzcnt, tsc, tscinvbit, avx, avx2, aes, erms, clmul, bmi1, bmi2, adx, avx512f, avx512dq, avx512cd, avx512bw, avx512vl, sha, fma, vzeroupper, avx512_vpopcntdq, avx512_vpclmulqdq, avx512_vaes, avx512_vnni, clflush, clflushopt, clwb, avx512_vbmi2, avx512_vbmi, hv

Memory: 4k page, system-wide physical 16183M (4210M free)
TotalPageFile size 16183M (AvailPageFile size 4M)
current process WorkingSet (physical memory assigned to process): 113M, peak: 113M
current process commit charge ("private bytes"): 377M, peak: 378M

vm_info: Java HotSpot(TM) 64-Bit Server VM (17.0.10+11-LTS-240) for windows-amd64 JRE (17.0.10+11-LTS-240), built on Dec 19 2023 21:47:25 by "mach5one" with MS VC++ 17.1 (VS2022)

END.
