#
# There is insufficient memory for the Java Runtime Environment to continue.
# Native memory allocation (mmap) failed to map 266338304 bytes for G1 virtual space
# Possible reasons:
#   The system is out of physical RAM or swap space
#   The process is running with CompressedOops enabled, and the Java Heap may be blocking the growth of the native heap
# Possible solutions:
#   Reduce memory load on the system
#   Increase physical memory or swap space
#   Check if swap backing store is full
#   Decrease Java heap size (-Xmx/-Xms)
#   Decrease number of Java threads
#   Decrease Java thread stack sizes (-Xss)
#   Set larger code cache with -XX:ReservedCodeCacheSize=
#   JVM is running with Zero Based Compressed Oops mode in which the Java heap is
#     placed in the first 32GB address space. The Java Heap base address is the
#     maximum limit for the native heap growth. Please use -XX:HeapBaseMinAddress
#     to set the Java Heap base and to place the Java Heap above 32GB virtual address.
# This output file may be truncated or incomplete.
#
#  Out of Memory Error (os_windows.cpp:3548), pid=12684, tid=2152
#
# JRE version:  (17.0.10+11) (build )
# Java VM: Java HotSpot(TM) 64-Bit Server VM (17.0.10+11-LTS-240, mixed mode, sharing, tiered, compressed oops, compressed class ptrs, g1 gc, windows-amd64)
# No core dump will be written. Minidumps are not enabled by default on client versions of Windows
#

---------------  S U M M A R Y ------------

Command Line: -Dnet.bytebuddy.agent.attacher.dump= net.bytebuddy.agent.Attacher com.sun.tools.attach.VirtualMachine 14568 C:\Users\jooyeon\.gradle\caches\modules-2\files-2.1\net.bytebuddy\byte-buddy-agent\1.15.10\e8eb255b2c378b9a6c7341e7b0e12f0a5636377\byte-buddy-agent-1.15.10.jar false 

Host: 11th Gen Intel(R) Core(TM) i7-1165G7 @ 2.80GHz, 8 cores, 15G,  Windows 10 , 64 bit Build 19041 (10.0.19041.5198)
Time: Sat Dec 14 10:23:11 2024  Windows 10 , 64 bit Build 19041 (10.0.19041.5198) elapsed time: 0.012603 seconds (0d 0h 0m 0s)

---------------  T H R E A D  ---------------

Current thread (0x0000024ac2b0ac00):  JavaThread "Unknown thread" [_thread_in_vm, id=2152, stack(0x000000981ac00000,0x000000981ad00000)]

Stack: [0x000000981ac00000,0x000000981ad00000]
Native frames: (J=compiled Java code, j=interpreted, Vv=VM code, C=native code)
V  [jvm.dll+0x677a5a]
V  [jvm.dll+0x7d8b2d]
V  [jvm.dll+0x7da48e]
V  [jvm.dll+0x7daaf3]
V  [jvm.dll+0x2455ff]
V  [jvm.dll+0x6749b9]
V  [jvm.dll+0x669382]
V  [jvm.dll+0x302e96]
V  [jvm.dll+0x30a416]
V  [jvm.dll+0x359cbe]
V  [jvm.dll+0x359eef]
V  [jvm.dll+0x2d9e88]
V  [jvm.dll+0x2dadf4]
V  [jvm.dll+0x7aa551]
V  [jvm.dll+0x367911]
V  [jvm.dll+0x789639]
V  [jvm.dll+0x3eb30f]
V  [jvm.dll+0x3ecd91]
C  [jli.dll+0x5297]
C  [ucrtbase.dll+0x21bb2]
C  [KERNEL32.DLL+0x17374]
C  [ntdll.dll+0x4cc91]


---------------  P R O C E S S  ---------------

Threads class SMR info:
_java_thread_list=0x00007ffac89a6a18, length=0, elements={
}

Java Threads: ( => current thread )

Other Threads:
  0x0000024ac2b755c0 GCTaskThread "GC Thread#0" [stack: 0x000000981ad00000,0x000000981ae00000] [id=10848]
  0x0000024ac2b88110 ConcurrentGCThread "G1 Main Marker" [stack: 0x000000981ae00000,0x000000981af00000] [id=1056]
  0x0000024ac2b88a30 ConcurrentGCThread "G1 Conc#0" [stack: 0x000000981af00000,0x000000981b000000] [id=6344]

[error occurred during error reporting (printing all threads), id 0xc0000005, EXCEPTION_ACCESS_VIOLATION (0xc0000005) at pc=0x00007ffac81daae7]

VM state: not at safepoint (not fully initialized)

VM Mutex/Monitor currently owned by a thread:  ([mutex/lock_event])
[0x0000024ac2b055f0] Heap_lock - owner thread: 0x0000024ac2b0ac00

Heap address: 0x0000000703200000, size: 4046 MB, Compressed Oops mode: Zero based, Oop shift amount: 3

CDS archive(s) mapped at: [0x0000000000000000-0x0000000000000000-0x0000000000000000), size 0, SharedBaseAddress: 0x0000000800000000, ArchiveRelocationMode: 1.
Narrow klass base: 0x0000000000000000, Narrow klass shift: 0, Narrow klass range: 0x0

GC Precious Log:
<Empty>

Heap:
 garbage-first heap   total 0K, used 0K [0x0000000703200000, 0x0000000800000000)
  region size 2048K, 0 young (0K), 0 survivors (0K)

[error occurred during error reporting (printing heap information), id 0xc0000005, EXCEPTION_ACCESS_VIOLATION (0xc0000005) at pc=0x00007ffac85c1249]

GC Heap History (0 events):
No events

Deoptimization events (0 events):
No events

Classes unloaded (0 events):
No events

Classes redefined (0 events):
No events

Internal exceptions (0 events):
No events

VM Operations (0 events):
No events

Events (1 events):
Event: 0.008 Loaded shared library C:\Program Files\Java\jdk-17\bin\java.dll


Dynamic libraries:
0x00007ff749840000 - 0x00007ff749850000 	C:\Program Files\Java\jdk-17\bin\java.exe
0x00007ffb47730000 - 0x00007ffb47928000 	C:\Windows\SYSTEM32\ntdll.dll
0x00007ffb073a0000 - 0x00007ffb073ba000 	C:\Program Files\Avast Software\Avast\aswhook.dll
0x00007ffb47230000 - 0x00007ffb472f2000 	C:\Windows\System32\KERNEL32.DLL
0x00007ffb45120000 - 0x00007ffb4541e000 	C:\Windows\System32\KERNELBASE.dll
0x00007ffb45650000 - 0x00007ffb45750000 	C:\Windows\System32\ucrtbase.dll
0x00007ffb35870000 - 0x00007ffb35889000 	C:\Program Files\Java\jdk-17\bin\jli.dll
0x00007ffb31910000 - 0x00007ffb3192b000 	C:\Program Files\Java\jdk-17\bin\VCRUNTIME140.dll
0x00007ffb47310000 - 0x00007ffb473c1000 	C:\Windows\System32\ADVAPI32.dll
0x00007ffb45b10000 - 0x00007ffb45bae000 	C:\Windows\System32\msvcrt.dll
0x00007ffb466e0000 - 0x00007ffb4677f000 	C:\Windows\System32\sechost.dll
0x00007ffb465b0000 - 0x00007ffb466d3000 	C:\Windows\System32\RPCRT4.dll
0x00007ffb44dd0000 - 0x00007ffb44df7000 	C:\Windows\System32\bcrypt.dll
0x00007ffb46790000 - 0x00007ffb4692d000 	C:\Windows\System32\USER32.dll
0x00007ffb454c0000 - 0x00007ffb454e2000 	C:\Windows\System32\win32u.dll
0x00007ffb45bb0000 - 0x00007ffb45bdb000 	C:\Windows\System32\GDI32.dll
0x00007ffb44f90000 - 0x00007ffb450a7000 	C:\Windows\System32\gdi32full.dll
0x00007ffb45420000 - 0x00007ffb454bd000 	C:\Windows\System32\msvcp_win.dll
0x00007ffb189f0000 - 0x00007ffb18c8a000 	C:\Windows\WinSxS\amd64_microsoft.windows.common-controls_6595b64144ccf1df_6.0.19041.4355_none_60b8b9eb71f62e16\COMCTL32.dll
0x00007ffb38220000 - 0x00007ffb3822a000 	C:\Windows\SYSTEM32\VERSION.dll
0x00007ffb46b90000 - 0x00007ffb46bbf000 	C:\Windows\System32\IMM32.DLL
0x00007ffb3a5a0000 - 0x00007ffb3a5ac000 	C:\Program Files\Java\jdk-17\bin\vcruntime140_1.dll
0x00007ffb2b840000 - 0x00007ffb2b8ce000 	C:\Program Files\Java\jdk-17\bin\msvcp140.dll
0x00007ffac7ef0000 - 0x00007ffac8acf000 	C:\Program Files\Java\jdk-17\bin\server\jvm.dll
0x00007ffb47300000 - 0x00007ffb47308000 	C:\Windows\System32\PSAPI.DLL
0x00007ffb35f80000 - 0x00007ffb35f89000 	C:\Windows\SYSTEM32\WSOCK32.dll
0x00007ffb42140000 - 0x00007ffb42167000 	C:\Windows\SYSTEM32\WINMM.dll
0x00007ffb47110000 - 0x00007ffb4717b000 	C:\Windows\System32\WS2_32.dll
0x00007ffb435b0000 - 0x00007ffb435c2000 	C:\Windows\SYSTEM32\kernel.appcore.dll
0x00007ffb38de0000 - 0x00007ffb38dea000 	C:\Program Files\Java\jdk-17\bin\jimage.dll
0x00007ffb42a90000 - 0x00007ffb42c74000 	C:\Windows\SYSTEM32\DBGHELP.DLL
0x00007ffb420c0000 - 0x00007ffb420f4000 	C:\Windows\SYSTEM32\dbgcore.DLL
0x00007ffb44e00000 - 0x00007ffb44e82000 	C:\Windows\System32\bcryptPrimitives.dll
0x00007ffb318e0000 - 0x00007ffb31905000 	C:\Program Files\Java\jdk-17\bin\java.dll

dbghelp: loaded successfully - version: 4.0.5 - missing functions: none
symbol engine: initialized successfully - sym options: 0x614 - pdb path: .;C:\Program Files\Java\jdk-17\bin;C:\Windows\SYSTEM32;C:\Program Files\Avast Software\Avast;C:\Windows\WinSxS\amd64_microsoft.windows.common-controls_6595b64144ccf1df_6.0.19041.4355_none_60b8b9eb71f62e16;C:\Program Files\Java\jdk-17\bin\server

VM Arguments:
jvm_args: -Dnet.bytebuddy.agent.attacher.dump= 
java_command: net.bytebuddy.agent.Attacher com.sun.tools.attach.VirtualMachine 14568 C:\Users\jooyeon\.gradle\caches\modules-2\files-2.1\net.bytebuddy\byte-buddy-agent\1.15.10\e8eb255b2c378b9a6c7341e7b0e12f0a5636377\byte-buddy-agent-1.15.10.jar false 
java_class_path (initial): C:\Users\jooyeon\.gradle\caches\modules-2\files-2.1\net.bytebuddy\byte-buddy-agent\1.15.10\e8eb255b2c378b9a6c7341e7b0e12f0a5636377\byte-buddy-agent-1.15.10.jar
Launcher Type: SUN_STANDARD

[Global flags]
     intx CICompilerCount                          = 4                                         {product} {ergonomic}
     uint ConcGCThreads                            = 2                                         {product} {ergonomic}
     uint G1ConcRefinementThreads                  = 8                                         {product} {ergonomic}
   size_t G1HeapRegionSize                         = 2097152                                   {product} {ergonomic}
    uintx GCDrainStackTargetSize                   = 64                                        {product} {ergonomic}
   size_t InitialHeapSize                          = 266338304                                 {product} {ergonomic}
   size_t MarkStackSize                            = 4194304                                   {product} {ergonomic}
   size_t MaxHeapSize                              = 4242538496                                {product} {ergonomic}
   size_t MinHeapDeltaBytes                        = 2097152                                   {product} {ergonomic}
   size_t MinHeapSize                              = 8388608                                   {product} {ergonomic}
    uintx NonNMethodCodeHeapSize                   = 5839372                                {pd product} {ergonomic}
    uintx NonProfiledCodeHeapSize                  = 122909434                              {pd product} {ergonomic}
    uintx ProfiledCodeHeapSize                     = 122909434                              {pd product} {ergonomic}
    uintx ReservedCodeCacheSize                    = 251658240                              {pd product} {ergonomic}
     bool SegmentedCodeCache                       = true                                      {product} {ergonomic}
   size_t SoftMaxHeapSize                          = 4242538496                             {manageable} {ergonomic}
     bool UseCompressedClassPointers               = true                           {product lp64_product} {ergonomic}
     bool UseCompressedOops                        = true                           {product lp64_product} {ergonomic}
     bool UseG1GC                                  = true                                      {product} {ergonomic}
     bool UseLargePagesIndividualAllocation        = false                                  {pd product} {ergonomic}

Logging:
Log output configuration:
 #0: stdout all=warning uptime,level,tags
 #1: stderr all=off uptime,level,tags

Environment Variables:
JAVA_HOME=C:\Program Files\Java\jdk-17
PATH=C:\Python312\Scripts\;C:\Python312\;C:\Program Files\Java\jdk-17\bin;C:\Users\jooyeon\Documents\2024_수업준비\tools\apache-tomcat-9.0.86-windows-x64\bin;C:\oracle\WINDOWS.X64_193000_db_home\bin;C:\Windows\system32;C:\Windows;C:\Windows\System32\Wbem;C:\Windows\System32\WindowsPowerShell\v1.0\;C:\Windows\System32\OpenSSH\;C:\Program Files (x86)\Google\Cloud SDK\google-cloud-sdk\bin;C:\ProgramData\chocolatey\bin;C:\Program Files\Docker\Docker\resources\bin;C:\Program Files\Common Files\Oracle\Java\javapath;C:\Program Files\Git\cmd;C:\Program Files\nodejs\;C:\Users\jooyeon\AppData\Local\Microsoft\WindowsApps;C:\Users\jooyeon\AppData\Local\Programs\Microsoft VS Code\bin;C:\Users\jooyeon\cloudnative2023;C:\Users\jooyeon\AppData\Roaming\npm
USERNAME=jooyeon
OS=Windows_NT
PROCESSOR_IDENTIFIER=Intel64 Family 6 Model 140 Stepping 1, GenuineIntel



---------------  S Y S T E M  ---------------

OS:
 Windows 10 , 64 bit Build 19041 (10.0.19041.5198)
OS uptime: 1 days 7:55 hours
Hyper-V role detected

CPU: total 8 (initial active 8) (4 cores per cpu, 2 threads per core) family 6 model 140 stepping 1 microcode 0x8a, cx8, cmov, fxsr, ht, mmx, 3dnowpref, sse, sse2, sse3, ssse3, sse4.1, sse4.2, popcnt, lzcnt, tsc, tscinvbit, avx, avx2, aes, erms, clmul, bmi1, bmi2, adx, avx512f, avx512dq, avx512cd, avx512bw, avx512vl, sha, fma, vzeroupper, avx512_vpopcntdq, avx512_vpclmulqdq, avx512_vaes, avx512_vnni, clflush, clflushopt, clwb, avx512_vbmi2, avx512_vbmi, hv

Memory: 4k page, system-wide physical 16183M (4055M free)
TotalPageFile size 16183M (AvailPageFile size 9M)
current process WorkingSet (physical memory assigned to process): 11M, peak: 11M
current process commit charge ("private bytes"): 60M, peak: 314M

vm_info: Java HotSpot(TM) 64-Bit Server VM (17.0.10+11-LTS-240) for windows-amd64 JRE (17.0.10+11-LTS-240), built on Dec 19 2023 21:47:25 by "mach5one" with MS VC++ 17.1 (VS2022)

END.
